2023/09/14 13:30:44 error: open /path/to/config.toml: no such file or directory
can't open configuration file
main.readConfig
	/Users/j.fang.2/Documents/Github/go-essential-training-2446262/Ch05/05_01/errors.go:20
main.main
	/Users/j.fang.2/Documents/Github/go-essential-training-2446262/Ch05/05_01/errors.go:40
runtime.main
	/usr/local/go/src/runtime/proc.go:267
runtime.goexit
	/usr/local/go/src/runtime/asm_arm64.s:1197
2023/09/14 13:44:44 error: open /path/to/config.toml: no such file or directory
can't open configuration file
main.readConfig
	/Users/j.fang.2/Documents/Github/go-essential-training-2446262/Ch05/05_01/errors.go:20
main.main
	/Users/j.fang.2/Documents/Github/go-essential-training-2446262/Ch05/05_01/errors.go:40
runtime.main
	/usr/local/go/src/runtime/proc.go:267
runtime.goexit
	/usr/local/go/src/runtime/asm_arm64.s:1197
